# JRE version: Java(TM) SE Runtime Environment (8.0_151-b12) (build 1.8.0_151-b12)
# Java VM: Java HotSpot(TM) Client VM (25.151-b12 mixed mode, sharing windows-x86 )
Heap:
 def new generation   total 16192K, used 8520K [0x04a00000, 0x05b90000, 0x09f50000)
  eden space 14400K,  51% used [0x04a00000, 0x0513e7a0, 0x05810000)
  from space 1792K,  61% used [0x059d0000, 0x05ae3a88, 0x05b90000)
  to   space 1792K,   0% used [0x05810000, 0x05810000, 0x059d0000)
 tenured generation   total 35828K, used 30950K [0x09f50000, 0x0c24d000, 0x14a00000)
   the space 35828K,  86% used [0x09f50000, 0x0bd89bf0, 0x0bd89c00, 0x0c24d000)
 Metaspace       used 7414K, capacity 9179K, committed 9216K, reserved 9600K
GC Heap History (10 events):
Event: 5.709 GC heap before
{Heap before GC invocations=8 (full 0):
 def new generation   total 4928K, used 2294K [0x04a00000, 0x04f50000, 0x09f50000)
  eden space 4416K,  49% used [0x04a00000, 0x04c22a68, 0x04e50000)
  from space 512K,  21% used [0x04e50000, 0x04e6aeb0, 0x04ed0000)
  to   space 512K,   0% used [0x04ed0000, 0x04ed0000, 0x04f50000)
 tenured generation   total 10944K, used 8735K [0x09f50000, 0x0aa00000, 0x14a00000)
   the space 10944K,  79% used [0x09f50000, 0x0a7d7d60, 0x0a7d7e00, 0x0aa00000)
 Metaspace       used 6896K, capacity 8629K, committed 8704K, reserved 9600K
Event: 5.722 GC heap after
Heap after GC invocations=9 (full 1):
 def new generation   total 6784K, used 0K [0x04a00000, 0x05150000, 0x09f50000)
  eden space 6080K,   0% used [0x04a00000, 0x04a00000, 0x04ff0000)
  from space 704K,   0% used [0x04ff0000, 0x04ff0000, 0x050a0000)
  to   space 704K,   0% used [0x050a0000, 0x050a0000, 0x05150000)
 tenured generation   total 14888K, used 8932K [0x09f50000, 0x0adda000, 0x14a00000)
   the space 14888K,  59% used [0x09f50000, 0x0a8092f0, 0x0a809400, 0x0adda000)
 Metaspace       used 6896K, capacity 8629K, committed 8704K, reserved 9600K
}
Event: 9.129 GC heap before
{Heap before GC invocations=9 (full 1):
 def new generation   total 6784K, used 5674K [0x04a00000, 0x05150000, 0x09f50000)
  eden space 6080K,  93% used [0x04a00000, 0x04f8a9b0, 0x04ff0000)
  from space 704K,   0% used [0x04ff0000, 0x04ff0000, 0x050a0000)
  to   space 704K,   0% used [0x050a0000, 0x050a0000, 0x05150000)
 tenured generation   total 24344K, used 18388K [0x09f50000, 0x0b716000, 0x14a00000)
   the space 24344K,  75% used [0x09f50000, 0x0b145018, 0x0b145200, 0x0b716000)
 Metaspace       used 7227K, capacity 8992K, committed 9088K, reserved 9600K
Event: 9.131 GC heap after
Heap after GC invocations=10 (full 1):
 def new generation   total 6784K, used 704K [0x04a00000, 0x05150000, 0x09f50000)
  eden space 6080K,   0% used [0x04a00000, 0x04a00000, 0x04ff0000)
  from space 704K, 100% used [0x050a0000, 0x05150000, 0x05150000)
  to   space 704K,   0% used [0x04ff0000, 0x04ff0000, 0x050a0000)
 tenured generation   total 24344K, used 18968K [0x09f50000, 0x0b716000, 0x14a00000)
   the space 24344K,  77% used [0x09f50000, 0x0b1d6320, 0x0b1d6400, 0x0b716000)
 Metaspace       used 7227K, capacity 8992K, committed 9088K, reserved 9600K
}
Event: 9.186 GC heap before
{Heap before GC invocations=10 (full 1):
 def new generation   total 6784K, used 6784K [0x04a00000, 0x05150000, 0x09f50000)
  eden space 6080K, 100% used [0x04a00000, 0x04ff0000, 0x04ff0000)
  from space 704K, 100% used [0x050a0000, 0x05150000, 0x05150000)
  to   space 704K,   0% used [0x04ff0000, 0x04ff0000, 0x050a0000)
 tenured generation   total 24344K, used 18968K [0x09f50000, 0x0b716000, 0x14a00000)
   the space 24344K,  77% used [0x09f50000, 0x0b1d6320, 0x0b1d6400, 0x0b716000)
 Metaspace       used 7234K, capacity 8999K, committed 9088K, reserved 9600K
Event: 9.190 GC heap after
Heap after GC invocations=11 (full 1):
 def new generation   total 6784K, used 703K [0x04a00000, 0x05150000, 0x09f50000)
  eden space 6080K,   0% used [0x04a00000, 0x04a00000, 0x04ff0000)
  from space 704K,  99% used [0x04ff0000, 0x0509fff0, 0x050a0000)
  to   space 704K,   0% used [0x050a0000, 0x050a0000, 0x05150000)
 tenured generation   total 24344K, used 23761K [0x09f50000, 0x0b716000, 0x14a00000)
   the space 24344K,  97% used [0x09f50000, 0x0b6844a8, 0x0b684600, 0x0b716000)
 Metaspace       used 7234K, capacity 8999K, committed 9088K, reserved 9600K
}
Event: 597.256 GC heap before
{Heap before GC invocations=11 (full 1):
 def new generation   total 6784K, used 4530K [0x04a00000, 0x05150000, 0x09f50000)
  eden space 6080K,  62% used [0x04a00000, 0x04dbc828, 0x04ff0000)
  from space 704K,  99% used [0x04ff0000, 0x0509fff0, 0x050a0000)
  to   space 704K,   0% used [0x050a0000, 0x050a0000, 0x05150000)
 tenured generation   total 24344K, used 23761K [0x09f50000, 0x0b716000, 0x14a00000)
   the space 24344K,  97% used [0x09f50000, 0x0b6844a8, 0x0b684600, 0x0b716000)
 Metaspace       used 7257K, capacity 9034K, committed 9088K, reserved 9600K
Event: 597.281 GC heap after
Heap after GC invocations=12 (full 2):
 def new generation   total 16192K, used 0K [0x04a00000, 0x05b90000, 0x09f50000)
  eden space 14400K,   0% used [0x04a00000, 0x04a00000, 0x05810000)
  from space 1792K,   0% used [0x05810000, 0x05810000, 0x059d0000)
  to   space 1792K,   0% used [0x059d0000, 0x059d0000, 0x05b90000)
 tenured generation   total 35828K, used 21495K [0x09f50000, 0x0c24d000, 0x14a00000)
   the space 35828K,  59% used [0x09f50000, 0x0b44dec8, 0x0b44e000, 0x0c24d000)
 Metaspace       used 7249K, capacity 9011K, committed 9088K, reserved 9600K
}
Event: 1622.302 GC heap before
{Heap before GC invocations=12 (full 2):
 def new generation   total 16192K, used 14371K [0x04a00000, 0x05b90000, 0x09f50000)
  eden space 14400K,  99% used [0x04a00000, 0x05808eb0, 0x05810000)
  from space 1792K,   0% used [0x05810000, 0x05810000, 0x059d0000)
  to   space 1792K,   0% used [0x059d0000, 0x059d0000, 0x05b90000)
 tenured generation   total 35828K, used 21495K [0x09f50000, 0x0c24d000, 0x14a00000)
   the space 35828K,  59% used [0x09f50000, 0x0b44dec8, 0x0b44e000, 0x0c24d000)
 Metaspace       used 7268K, capacity 9029K, committed 9088K, reserved 9600K
Event: 1622.309 GC heap after
Heap after GC invocations=13 (full 2):
 def new generation   total 16192K, used 1102K [0x04a00000, 0x05b90000, 0x09f50000)
  eden space 14400K,   0% used [0x04a00000, 0x04a00000, 0x05810000)
  from space 1792K,  61% used [0x059d0000, 0x05ae3a88, 0x05b90000)
  to   space 1792K,   0% used [0x05810000, 0x05810000, 0x059d0000)
 tenured generation   total 35828K, used 30950K [0x09f50000, 0x0c24d000, 0x14a00000)
   the space 35828K,  86% used [0x09f50000, 0x0bd89bf0, 0x0bd89c00, 0x0c24d000)
 Metaspace       used 7268K, capacity 9029K, committed 9088K, reserved 9600K
}

